* commit 9445e30d5e2d17cce29932622cc3d714a215ff69
| Author: Deepak <bajpay3296@gmail.com>
| Date:   Wed Oct 31 17:02:11 2018 +0530
| 
|     notification click handling. trello fixes.
| 
* commit 595c317a59954571e8b14c945476458b5e493845
| Author: Deepak <bajpay3296@gmail.com>
| Date:   Wed Oct 31 13:20:08 2018 +0530
| 
|     some changes
|   
*   commit 83fff39e19dbb339672ed6d0d25db8b235504bd1
|\  Merge: 8523fbb8 4055690c
| | Author: Deepak <bajpay3296@gmail.com>
| | Date:   Wed Oct 31 13:15:54 2018 +0530
| | 
| |     Merge branch 'app_redesign' of https://bitbucket.org/lynkedworld/lynked.world-android into app_redesign
| | 
* | commit 8523fbb8fa987f6406003a8bc664f738f9212e6a
 /  Author: Deepak <bajpay3296@gmail.com>
|   Date:   Wed Oct 31 13:15:18 2018 +0530
|   
|       delete icon updated. other ui changes in add records screens.
| 
* commit 4055690cd62a36e820f768759078ec7e7db4a11f
| Author: malcohmx <rajat.jaswal@gmail.com>
| Date:   Wed Oct 31 13:10:46 2018 +0530
| 
|     backup related fixes.
| 
* commit cb722a922c0bcc20552c8fe26d900796347ea00b
| Author: malcohmx <rajat.jaswal@gmail.com>
| Date:   Wed Oct 31 08:52:22 2018 +0530
| 
|     removed the dot from this layout.
| 
* commit 0e1deaf5cfb2780094307737ed8aab590d617550
  Author: Rajat Jaswal <rajat.jaswal@live.com>
  Date:   Wed Oct 31 01:53:53 2018 +0530
  
      trello ui fixes.
